--- Startup times for process: Primary/TUI ---

times in msec
 clock   self+sourced   self:  sourced script
 clock   elapsed:              other lines

000.012  000.012: --- NVIM STARTING ---
000.206  000.194: event init
000.577  000.371: early init
034.543  033.965: locale set
034.666  000.123: init first window
036.149  001.484: inits 1
036.574  000.425: window checked
036.600  000.026: parsing arguments
039.324  000.702  000.702: require('vim.shared')
040.582  000.422  000.422: require('vim.inspect')
041.343  000.728  000.728: require('vim._options')
041.354  002.014  000.863: require('vim._editor')
041.360  002.964  000.248: require('vim._init_packages')
041.391  001.827: init lua interpreter
054.857  013.465: --- NVIM STARTED ---

--- Startup times for process: Embedded ---

times in msec
 clock   self+sourced   self:  sourced script
 clock   elapsed:              other lines

000.008  000.008: --- NVIM STARTING ---
000.133  000.125: event init
000.405  000.272: early init
038.804  038.400: locale set
038.950  000.146: init first window
040.508  001.557: inits 1
040.670  000.163: window checked
040.694  000.024: parsing arguments
043.711  000.722  000.722: require('vim.shared')
044.964  000.392  000.392: require('vim.inspect')
045.731  000.730  000.730: require('vim._options')
045.746  002.012  000.890: require('vim._editor')
045.754  002.989  000.255: require('vim._init_packages')
045.800  002.117: init lua interpreter
046.545  000.745: expanding arguments
046.603  000.058: inits 2
047.293  000.690: init highlight
047.299  000.006: waiting for UI
047.597  000.298: done waiting for UI
047.611  000.015: clear screen
048.322  000.089  000.089: require('vim.keymap')
069.459  021.838  021.749: require('vim._defaults')
069.480  000.030: init default mappings & autocommands
072.019  000.211  000.211: sourcing C:\Program Files\Neovim\share\nvim\runtime\ftplugin.vim
072.846  000.110  000.110: sourcing C:\Program Files\Neovim\share\nvim\runtime\indent.vim
074.850  000.987  000.987: require('config.options')
075.607  000.742  000.742: require('config.keymaps')
078.442  002.542  002.542: require('lazy')
078.550  000.044  000.044: require('ffi')
079.775  000.561  000.561: require('vim.fs')
080.539  000.741  000.741: require('vim.uri')
080.585  002.023  000.721: require('vim.loader')
081.815  000.995  000.995: require('lazy.stats')
086.190  000.686  000.686: require('lazy.core.util')
086.965  000.755  000.755: require('lazy.core.config')
088.080  000.525  000.525: require('lazy.core.handler')
089.421  000.439  000.439: require('lazy.pkg')
089.438  000.937  000.498: require('lazy.core.meta')
089.453  001.359  000.422: require('lazy.core.plugin')
089.467  002.489  000.604: require('lazy.core.loader')
090.923  000.411  000.411: require('lazy.core.fragments')
098.288  000.809  000.809: require('lazy.core.handler.keys')
099.438  000.500  000.500: require('lazy.core.handler.event')
099.454  001.146  000.646: require('lazy.core.handler.ft')
100.119  000.651  000.651: require('lazy.core.handler.cmd')
103.538  002.095  002.095: sourcing C:\Program Files\Neovim\share/nvim/runtime/filetype.lua
104.908  000.391  000.391: sourcing C:/Users/XENOS/AppData/Local/nvim-data/lazy/which-key.nvim/plugin/which-key.lua
108.040  002.914  002.914: require('which-key')
108.580  000.525  000.525: require('which-key.config')
111.267  000.113  000.113: sourcing C:/Users/XENOS/AppData/Local/nvim-data/lazy/nvim-web-devicons/plugin/nvim-web-devicons.vim
115.263  000.494  000.494: require('nvim-tree.log')
116.774  000.521  000.521: require('nvim-tree.notify')
116.809  001.013  000.492: require('nvim-tree.events')
117.705  000.375  000.375: require('nvim-tree.iterators.node-iterator')
117.862  001.045  000.670: require('nvim-tree.utils')
117.900  002.621  000.563: require('nvim-tree.view')
119.701  000.342  000.342: require('nvim-tree.core')
120.621  000.449  000.449: require('nvim-tree.git.utils')
121.083  000.448  000.448: require('nvim-tree.renderer.components.devicons')
121.971  000.444  000.444: require('nvim-tree.classic')
121.991  000.894  000.451: require('nvim-tree.node')
122.025  002.311  000.519: require('nvim-tree.node.directory')
122.034  003.071  000.419: require('nvim-tree.actions.finders.find-file')
122.516  000.476  000.476: require('nvim-tree.actions.finders.search-node')
122.530  004.142  000.595: require('nvim-tree.actions.finders')
123.889  000.480  000.480: require('nvim-tree.node.file')
123.904  000.923  000.442: require('nvim-tree.actions.fs.create-file')
124.905  000.439  000.439: require('nvim-tree.lib')
125.633  000.345  000.345: require('nvim-tree.node.link')
125.706  000.788  000.443: require('nvim-tree.node.directory-link')
125.722  001.811  000.583: require('nvim-tree.actions.fs.remove-file')
126.452  000.724  000.724: require('nvim-tree.actions.fs.rename-file')
126.975  000.509  000.509: require('nvim-tree.actions.fs.trash')
126.990  004.454  000.488: require('nvim-tree.actions.fs')
128.520  000.684  000.684: require('nvim-tree.diagnostics')
128.595  001.163  000.479: require('nvim-tree.actions.moves.item')
129.275  000.671  000.671: require('nvim-tree.actions.moves.parent')
129.777  000.490  000.490: require('nvim-tree.actions.moves.sibling')
129.791  002.792  000.469: require('nvim-tree.actions.moves')
130.769  000.408  000.408: require('nvim-tree.actions.node.file-popup')
131.138  000.355  000.355: require('nvim-tree.actions.node.open-file')
131.547  000.396  000.396: require('nvim-tree.actions.node.run-command')
131.943  000.384  000.384: require('nvim-tree.actions.node.system-open')
131.957  002.159  000.616: require('nvim-tree.actions.node')
132.946  000.511  000.511: require('nvim-tree.actions.root.change-dir')
133.340  000.380  000.380: require('nvim-tree.actions.root.dir-up')
133.354  001.390  000.498: require('nvim-tree.actions.root')
134.153  000.369  000.369: require('nvim-tree.actions.tree.find-file')
134.988  000.448  000.448: require('nvim-tree.actions.tree.modifiers.collapse-all')
135.395  000.388  000.388: require('nvim-tree.actions.tree.modifiers.expand-all')
135.410  001.243  000.407: require('nvim-tree.actions.tree.modifiers')
135.786  000.369  000.369: require('nvim-tree.actions.tree.open')
136.222  000.423  000.423: require('nvim-tree.actions.tree.toggle')
136.561  000.326  000.326: require('nvim-tree.actions.tree.resize')
136.575  003.212  000.482: require('nvim-tree.actions.tree')
136.582  018.675  000.526: require('nvim-tree.actions')
137.308  000.099  000.099: require('vim.F')
137.377  000.775  000.676: require('vim.diagnostic')
137.428  025.924  003.359: require('nvim-tree')
137.815  000.348  000.348: require('nvim-tree.legacy')
139.679  000.443  000.443: require('nvim-tree.keymap')
140.122  000.428  000.428: require('nvim-tree.appearance')
141.836  000.411  000.411: require('nvim-tree.buffers')
142.745  000.425  000.425: require('nvim-tree.git.runner')
143.125  000.367  000.367: require('nvim-tree.watcher')
143.147  001.296  000.504: require('nvim-tree.git')
143.937  000.408  000.408: require('nvim-tree.node.file-link')
143.953  000.798  000.390: require('nvim-tree.node.factory')
144.443  000.483  000.483: require('nvim-tree.node.root')
145.263  000.365  000.365: require('nvim-tree.enum')
145.286  000.829  000.464: require('nvim-tree.explorer.filters')
145.882  000.588  000.588: require('nvim-tree.marks')
146.339  000.444  000.444: require('nvim-tree.explorer.live-filter')
146.874  000.522  000.522: require('nvim-tree.explorer.sorter')
147.427  000.540  000.540: require('nvim-tree.actions.fs.clipboard')
149.317  000.488  000.488: require('nvim-tree.renderer.decorator')
149.339  000.955  000.467: require('nvim-tree.renderer.decorator.bookmarks')
149.765  000.417  000.417: require('nvim-tree.renderer.decorator.copied')
150.209  000.431  000.431: require('nvim-tree.renderer.decorator.cut')
150.780  000.557  000.557: require('nvim-tree.renderer.decorator.diagnostics')
151.253  000.458  000.458: require('nvim-tree.renderer.decorator.git')
151.809  000.543  000.543: require('nvim-tree.renderer.decorator.hidden')
152.242  000.420  000.420: require('nvim-tree.renderer.decorator.modified')
152.636  000.380  000.380: require('nvim-tree.renderer.decorator.opened')
153.107  000.459  000.459: require('nvim-tree.renderer.decorator.user')
153.564  000.444  000.444: require('nvim-tree.renderer.components.padding')
153.600  005.671  000.605: require('nvim-tree.renderer.builder')
153.622  006.181  000.510: require('nvim-tree.renderer')
153.660  012.774  000.681: require('nvim-tree.explorer')
154.204  000.538  000.538: require('nvim-tree.explorer.watch')
155.286  000.567  000.567: require('nvim-tree.renderer.components.full-name')
155.310  001.084  000.517: require('nvim-tree.renderer.components')
157.355  001.223  001.223: require('nvim-web-devicons.icons-default')
157.768  002.449  001.226: require('nvim-web-devicons')
164.054  000.472  000.472: require('nvim-tree.help')
165.113  000.336  000.336: require('nvim-tree.appearance.hi-test')
165.171  000.890  000.555: require('nvim-tree.api')
165.604  000.374  000.374: require('nvim-tree.commands')
171.045  000.160  000.160: sourcing C:/Users/XENOS/AppData/Local/nvim-data/lazy/plenary.nvim/plugin/plenary.vim
174.731  003.462  003.462: require('alpha')
178.835  003.293  003.293: require('mini.icons')
178.859  003.685  000.392: require('alpha.utils')
180.406  000.823  000.823: require('plenary.bit')
181.126  000.706  000.706: require('plenary.functional')
181.207  002.338  000.810: require('plenary.path')
181.706  000.491  000.491: require('alpha.themes.dashboard')
181.734  006.987  000.473: require('alpha.themes.theta')
186.197  000.346  000.346: require('null-ls.utils.tbl_flatten')
186.307  000.905  000.559: require('null-ls.utils')
186.358  001.334  000.429: require('null-ls.config')
187.086  000.343  000.343: require('null-ls.helpers.cache')
187.463  000.364  000.364: require('null-ls.helpers.check_exit_code')
187.885  000.409  000.409: require('null-ls.helpers.diagnostics')
188.233  000.335  000.335: require('null-ls.helpers.formatter_factory')
188.966  000.314  000.314: require('null-ls.logger')
189.487  000.508  000.508: require('null-ls.state')
189.502  001.257  000.434: require('null-ls.helpers.generator_factory')
190.267  000.321  000.321: require('null-ls.helpers.command_resolver')
190.281  000.770  000.450: require('null-ls.helpers.make_builtin')
190.625  000.338  000.338: require('null-ls.helpers.range_formatting_args_factory')
190.638  004.273  000.458: require('null-ls.helpers')
191.638  000.325  000.325: require('null-ls.methods')
191.655  000.683  000.358: require('null-ls.diagnostics')
191.668  001.023  000.340: require('null-ls.sources')
192.146  000.469  000.469: require('null-ls.builtins')
192.159  010.020  002.921: require('null-ls')
192.766  000.599  000.599: require('null-ls.builtins.formatting.prettier')
200.900  000.708  000.708: require('plenary.log')
204.209  000.593  000.593: require('null-ls.builtins.formatting.stylua')
205.408  000.468  000.468: require('null-ls.loop')
206.597  000.517  000.517: require('vim.lsp.log')
208.017  001.404  001.404: require('vim.lsp.protocol')
209.431  000.672  000.672: require('vim.lsp._snippet_grammar')
209.808  000.361  000.361: require('vim.highlight')
209.847  001.812  000.779: require('vim.lsp.util')
210.690  000.425  000.425: require('vim.lsp.sync')
210.725  000.867  000.442: require('vim.lsp._changetracking')
211.256  000.521  000.521: require('vim.lsp.rpc')
211.441  006.017  000.896: require('vim.lsp')
211.458  006.985  000.501: require('null-ls.client')
227.010  000.370  000.370: require('rose-pine.config')
227.031  001.861  001.491: require('rose-pine')
227.599  000.359  000.359: require('rose-pine.utilities')
227.975  000.362  000.362: require('rose-pine.palette')
230.908  006.377  003.795: sourcing C:\Users\XENOS\AppData\Local\nvim-data\lazy\rose-pine\colors\rose-pine.lua
238.436  000.693  000.693: require('lualine_require')
240.665  006.271  005.578: require('lualine')
250.607  000.513  000.513: require('lualine.utils.mode')
278.392  000.899  000.899: require('bufferline.lazy')
279.409  000.952  000.952: require('bufferline.commands')
280.934  001.507  001.507: require('bufferline.config')
281.126  007.103  003.744: require('bufferline')
282.956  000.439  000.439: require('bufferline.utils')
282.971  001.496  001.057: require('bufferline.groups')
283.375  000.338  000.338: require('bufferline.constants')
283.714  000.323  000.323: require('bufferline.colors')
284.416  000.381  000.381: require('bufferline.highlights')
286.354  000.350  000.350: require('vim.version')
288.884  003.258  002.908: require('bufferline.hover')
289.488  000.488  000.488: require('bufferline.ui')
294.158  000.421  000.421: require('lib.log')
294.603  000.430  000.430: require('deps.msgpack')
295.168  000.552  000.552: require('deps.serpent')
295.525  000.343  000.343: require('presence.file_explorers')
296.052  000.513  000.513: require('presence.file_assets')
296.375  000.310  000.310: require('presence.plugin_managers')
297.021  000.309  000.309: require('deps.struct')
297.037  000.649  000.341: require('presence.discord')
297.053  006.579  003.360: require('presence')
298.150  000.076  000.076: sourcing C:\Users\XENOS\AppData\Local\nvim-data\lazy\presence.nvim\autoload\presence.vim
321.268  030.904  024.250: sourcing C:/Users/XENOS/AppData/Local/nvim-data/lazy/presence.nvim/plugin/presence.vim
363.413  001.004  001.004: sourcing C:/Users/XENOS/AppData/Local/nvim-data/lazy/telescope.nvim/plugin/telescope.lua
370.326  006.684  006.684: require('telescope.builtin')
372.898  000.609  000.609: sourcing C:\Program Files\Neovim\share/nvim/runtime/plugin/editorconfig.lua
374.470  000.800  000.800: sourcing C:\Program Files\Neovim\share/nvim/runtime/plugin/gzip.vim
375.780  000.532  000.532: sourcing C:\Program Files\Neovim\share/nvim/runtime/plugin/man.lua
386.338  000.957  000.957: sourcing C:\Program Files\Neovim\share\nvim\runtime\pack\dist\opt\matchit\plugin\matchit.vim
386.566  009.884  008.928: sourcing C:\Program Files\Neovim\share/nvim/runtime/plugin/matchit.vim
388.118  000.643  000.643: sourcing C:\Program Files\Neovim\share/nvim/runtime/plugin/matchparen.vim
390.455  001.481  001.481: sourcing C:\Program Files\Neovim\share/nvim/runtime/plugin/netrwPlugin.vim
391.916  000.536  000.536: sourcing C:\Program Files\Neovim\share/nvim/runtime/plugin/osc52.lua
394.263  001.573  001.573: sourcing C:\Program Files\Neovim\share/nvim/runtime/plugin/rplugin.vim
395.623  000.364  000.364: sourcing C:\Program Files\Neovim\share/nvim/runtime/plugin/shada.vim
396.767  000.177  000.177: sourcing C:\Program Files\Neovim\share/nvim/runtime/plugin/spellfile.vim
398.124  000.438  000.438: sourcing C:\Program Files\Neovim\share/nvim/runtime/plugin/tarPlugin.vim
399.720  000.660  000.660: sourcing C:\Program Files\Neovim\share/nvim/runtime/plugin/tohtml.lua
400.679  000.106  000.106: sourcing C:\Program Files\Neovim\share/nvim/runtime/plugin/tutor.vim
401.726  000.381  000.381: sourcing C:\Program Files\Neovim\share/nvim/runtime/plugin/zipPlugin.vim
402.194  328.553  149.672: sourcing C:\Users\XENOS\AppData\Local\nvim\init.lua
402.360  004.006: sourcing vimrc file(s)
408.074  000.517  000.517: sourcing C:\Program Files\Neovim\share\nvim\runtime\filetype.lua
413.052  000.384  000.384: sourcing C:\Program Files\Neovim\share\nvim\runtime\syntax\synload.vim
413.580  003.257  002.873: sourcing C:\Program Files\Neovim\share/nvim/runtime/syntax/syntax.vim
413.695  007.561: inits 3
417.821  004.125: reading ShaDa
418.226  000.406: opening buffers
419.440  000.622  000.622: require('bufferline.state')
419.744  000.897: BufEnter autocommands
419.769  000.025: editing files in windows
437.800  003.910  003.910: require('vim.filetype')
440.837  017.158: VimEnter autocommands
440.965  000.127: UIEnter autocommands
443.252  002.287: before starting main loop
445.009  001.757: first screen update
445.025  000.016: --- NVIM STARTED ---

--- Startup times for process: Primary/TUI ---

times in msec
 clock   self+sourced   self:  sourced script
 clock   elapsed:              other lines

000.009  000.009: --- NVIM STARTING ---
000.154  000.145: event init
000.673  000.519: early init
035.143  034.470: locale set
035.302  000.159: init first window
036.906  001.604: inits 1
037.146  000.240: window checked
037.167  000.021: parsing arguments
040.068  000.715  000.715: require('vim.shared')
041.296  000.404  000.404: require('vim.inspect')
043.268  001.933  001.933: require('vim._options')
045.866  005.778  003.441: require('vim._editor')
045.876  006.760  000.268: require('vim._init_packages')
045.917  001.990: init lua interpreter
059.940  014.023: --- NVIM STARTED ---

--- Startup times for process: Embedded ---

times in msec
 clock   self+sourced   self:  sourced script
 clock   elapsed:              other lines

000.012  000.012: --- NVIM STARTING ---
000.132  000.120: event init
000.497  000.365: early init
043.104  042.607: locale set
043.270  000.166: init first window
044.502  001.232: inits 1
044.698  000.196: window checked
044.782  000.084: parsing arguments
048.358  000.681  000.681: require('vim.shared')
049.643  000.423  000.423: require('vim.inspect')
050.350  000.669  000.669: require('vim._options')
050.361  001.984  000.892: require('vim._editor')
050.368  002.927  000.261: require('vim._init_packages')
050.412  002.703: init lua interpreter
051.652  001.240: expanding arguments
051.715  000.063: inits 2
052.712  000.997: init highlight
052.734  000.022: waiting for UI
053.071  000.338: done waiting for UI
053.086  000.015: clear screen
053.827  000.093  000.093: require('vim.keymap')
066.850  013.754  013.661: require('vim._defaults')
066.866  000.026: init default mappings & autocommands
069.417  000.209  000.209: sourcing C:\Program Files\Neovim\share\nvim\runtime\ftplugin.vim
070.252  000.105  000.105: sourcing C:\Program Files\Neovim\share\nvim\runtime\indent.vim
072.050  000.850  000.850: require('config.options')
072.724  000.661  000.661: require('config.keymaps')
075.254  002.243  002.243: require('lazy')
075.384  000.063  000.063: require('ffi')
076.656  000.604  000.604: require('vim.fs')
077.357  000.679  000.679: require('vim.uri')
077.404  002.008  000.725: require('vim.loader')
078.799  001.160  001.160: require('lazy.stats')
079.852  000.639  000.639: require('lazy.core.util')
080.629  000.760  000.760: require('lazy.core.config')
081.494  000.430  000.430: require('lazy.core.handler')
083.066  000.512  000.512: require('lazy.pkg')
083.083  001.142  000.631: require('lazy.core.meta')
083.097  001.589  000.447: require('lazy.core.plugin')
083.110  002.468  000.448: require('lazy.core.loader')
084.534  000.459  000.459: require('lazy.core.fragments')
092.046  000.557  000.557: require('lazy.core.handler.event')
092.063  001.087  000.530: require('lazy.core.handler.ft')
092.650  000.573  000.573: require('lazy.core.handler.cmd')
093.237  000.566  000.566: require('lazy.core.handler.keys')
111.873  002.008  002.008: sourcing C:\Program Files\Neovim\share/nvim/runtime/colors/vim.lua
112.781  003.427  001.419: sourcing C:\Program Files\Neovim\share\nvim\runtime\colors\habamax.vim
114.779  000.559  000.559: require('lazy.async')
115.829  000.613  000.613: require('lazy.manage.process')
116.300  000.457  000.457: require('lazy.terminal')
116.322  001.528  000.458: require('lazy.manage.task')
116.333  002.522  000.435: require('lazy.manage.runner')
116.343  003.518  000.996: require('lazy.manage')
118.218  000.399  000.399: require('lazy.util')
118.233  000.841  000.442: require('lazy.view.diff')
119.254  000.513  000.513: require('lazy.view.config')
119.275  001.034  000.520: require('lazy.view.float')
120.111  000.376  000.376: require('lazy.manage.semver')
120.129  000.847  000.471: require('lazy.manage.git')
121.362  000.708  000.708: require('lazy.view.sections')
121.790  000.414  000.414: require('lazy.view.text')
121.813  001.678  000.556: require('lazy.view.render')
121.829  005.136  000.737: require('lazy.view')
122.394  000.533  000.533: require('lazy.view.colors')
127.480  000.689  000.689: require('lazy.view.commands')
127.985  000.077  000.077: require('vim.F')
129.929  000.927  000.927: require('lazy.community')
132.121  001.291  001.291: require('vim.health')
132.140  002.192  000.901: require('lazy.health')
132.155  003.621  000.502: require('lazy.pkg.rockspec')
132.165  004.086  000.465: require('lazy.manage.task.plugin')
132.989  000.411  000.411: require('lazy.manage.lock')
133.013  000.829  000.417: require('lazy.manage.task.git')
135.744  000.712  000.712: require('vim.diagnostic')
8421.590  000.445  000.445: require('lazy.pkg.lazy')
8421.949  000.338  000.338: require('lazy.pkg.packspec')
8422.351  000.315  000.315: require('lazy.community.specs')
8426.884  000.793  000.793: require('lazy.community._generated')
8448.446  000.338  000.338: require('lazy.state')
8448.469  000.738  000.400: require('lazy.manage.checker')
8722.941  000.529  000.529: require('lazy.help')
8855.827  000.559  000.559: sourcing C:\Program Files\Neovim\share/nvim/runtime/filetype.lua
8859.254  000.107  000.107: sourcing C:/Users/XENOS/AppData/Local/nvim-data/lazy/nvim-web-devicons/plugin/nvim-web-devicons.vim
8862.640  000.532  000.532: require('lualine_require')
8864.364  004.883  004.351: require('lualine')
8867.460  000.487  000.487: require('lualine.highlight')
8877.588  000.627  000.627: require('lualine.utils.mode')
8899.592  000.418  000.418: require('bufferline.lazy')
8900.234  000.613  000.613: require('bufferline.commands')
8900.968  000.710  000.710: require('bufferline.config')
8900.990  004.750  003.009: require('bufferline')
8903.665  000.903  000.903: require('bufferline.utils')
8903.686  001.890  000.987: require('bufferline.groups')
8904.278  000.505  000.505: require('bufferline.constants')
8904.820  000.522  000.522: require('bufferline.colors')
8908.485  000.555  000.555: require('bufferline.highlights')
8911.011  000.553  000.553: require('vim.version')
8913.402  003.483  002.929: require('bufferline.hover')
8914.424  000.855  000.855: require('bufferline.ui')
8917.342  000.122  000.122: sourcing C:/Users/XENOS/AppData/Local/nvim-data/lazy/plenary.nvim/plugin/plenary.vim
8921.216  000.096  000.096: sourcing C:/Users/XENOS/AppData/Local/nvim-data/lazy/neo-tree.nvim/plugin/neo-tree.vim
8942.012  003.977  003.977: require('neo-tree.log')
8949.066  007.024  007.024: require('neo-tree.utils.filesize.filesize')
8949.146  021.409  010.408: require('neo-tree.utils')
8949.163  027.809  006.400: require('neo-tree')
8958.648  005.581  005.581: require('neo-tree.defaults')
8962.106  003.435  003.435: require('neo-tree.setup.mapping-helper')
8972.117  003.226  003.226: require('neo-tree.collections')
8972.149  007.060  003.834: require('neo-tree.events.queue')
8972.161  010.037  002.978: require('neo-tree.events')
8976.401  000.403  000.403: require('plenary.bit')
8976.798  000.375  000.375: require('plenary.functional')
8976.842  001.524  000.746: require('plenary.path')
8980.198  003.348  003.348: require('neo-tree.sources.filesystem.lib.globtopattern')
8980.236  008.066  003.194: require('neo-tree.sources.common.file-nesting')
8983.169  002.923  002.923: require('neo-tree.ui.highlights')
9002.652  003.285  003.285: require('nui.object')
9010.835  005.103  005.103: require('nui.utils')
9010.932  008.256  003.153: require('nui.text')
9010.952  014.650  003.109: require('nui.line')
9017.852  002.984  002.984: require('nui.tree.util')
9017.900  006.941  003.957: require('nui.tree')
9023.195  002.311  002.311: require('nui.utils.buf_storage')
9025.926  002.713  002.713: require('nui.utils.autocmd')
9028.261  002.319  002.319: require('nui.utils.keymap')
9033.424  002.681  002.681: require('nui.layout.utils')
9033.445  005.167  002.485: require('nui.split.utils')
9033.476  015.567  003.058: require('nui.split')
9038.960  002.826  002.826: require('nui.popup.border')
9038.994  005.511  002.685: require('nui.popup')
9041.091  002.087  002.087: require('neo-tree.ui.popups')
9043.686  002.579  002.579: require('neo-tree.ui.windows')
9043.736  052.000  004.665: require('neo-tree.ui.renderer')
9047.100  000.389  000.389: require('plenary.compat')
9047.125  000.855  000.466: require('plenary.job')
9047.140  003.394  002.539: require('neo-tree.sources.filesystem.lib.filter_external')
9049.734  002.586  002.586: require('neo-tree.sources.common.file-items')
9060.095  002.830  002.830: require('neo-tree.git.utils')
9060.135  005.690  002.859: require('neo-tree.git.status')
9062.656  002.507  002.507: require('neo-tree.git.ignored')
9062.675  010.580  002.383: require('neo-tree.git')
9062.693  012.943  002.363: require('neo-tree.sources.filesystem.lib.fs_watch')
9064.987  000.394  000.394: require('plenary.tbl')
9065.006  000.859  000.465: require('plenary.vararg.rotate')
9065.015  001.401  000.542: require('plenary.vararg')
9065.569  000.389  000.389: require('plenary.errors')
9065.587  002.358  000.568: require('plenary.async.async')
9067.086  000.431  000.431: require('plenary.async.structs')
9067.110  000.827  000.396: require('plenary.async.control')
9067.125  001.187  000.359: require('plenary.async.util')
9067.134  001.538  000.352: require('plenary.async.tests')
9067.141  004.439  000.543: require('plenary.async')
9067.165  079.214  003.853: require('neo-tree.sources.filesystem.lib.fs_scan')
9072.149  002.581  002.581: require('nui.input')
9072.168  004.994  002.413: require('neo-tree.ui.inputs')
9072.215  089.028  004.820: require('neo-tree.sources.manager')
9081.925  003.073  003.073: require('neo-tree.command.parser')
9084.946  002.981  002.981: require('neo-tree.command.completion')
9084.976  010.076  004.021: require('neo-tree.command')
9084.988  012.765  002.689: require('neo-tree.setup.netrw')
9091.351  006.356  006.356: require('neo-tree.sources.common.hijack_cursor')
9091.400  142.230  004.038: require('neo-tree.setup')
9095.090  002.766  002.766: require('neo-tree.setup.deprecations')
9102.163  003.738  003.738: require('neo-tree.sources.filesystem')
9109.553  003.730  003.730: require('neo-tree.sources.buffers.lib.items')
9109.650  007.448  003.718: require('neo-tree.sources.buffers')
9115.208  002.624  002.624: require('neo-tree.sources.git_status.lib.items')
9115.249  005.581  002.957: require('neo-tree.sources.git_status')
9125.214  002.933  002.933: require('neo-tree.sources.common.container')
9125.247  006.679  003.746: require('neo-tree.sources.common.components')
9125.488  009.690  003.011: require('neo-tree.sources.filesystem.components')
9135.973  001.487  001.487: require('plenary.scandir')
9138.454  002.461  002.461: require('plenary')
9138.485  007.003  003.055: require('neo-tree.sources.filesystem.lib.fs_actions')
9140.881  002.385  002.385: require('neo-tree.sources.common.help')
9143.570  002.673  002.673: require('neo-tree.sources.common.preview')
9149.460  005.873  005.873: require('neo-tree.sources.common.node_expander')
9149.552  021.398  003.463: require('neo-tree.sources.common.commands')
9153.058  003.494  003.494: require('neo-tree.sources.filesystem.lib.filter')
9153.179  027.679  002.787: require('neo-tree.sources.filesystem.commands')
9157.782  002.895  002.895: require('neo-tree.sources.buffers.components')
9160.320  002.513  002.513: require('neo-tree.sources.buffers.commands')
9164.053  002.922  002.922: require('neo-tree.sources.git_status.components')
9166.565  002.487  002.487: require('neo-tree.sources.git_status.commands')
9184.028  000.476  000.476: require('rose-pine.config')
9184.047  002.231  001.755: require('rose-pine')
9185.970  000.402  000.402: require('rose-pine.utilities')
9186.335  000.350  000.350: require('rose-pine.palette')
9189.075  007.579  004.595: sourcing C:\Users\XENOS\AppData\Local\nvim-data\lazy\rose-pine\colors\rose-pine.lua
9201.859  000.428  000.428: require('null-ls.utils.tbl_flatten')
9201.963  001.059  000.631: require('null-ls.utils')
9202.018  001.551  000.492: require('null-ls.config')
9202.785  000.365  000.365: require('null-ls.helpers.cache')
9203.155  000.356  000.356: require('null-ls.helpers.check_exit_code')
9203.534  000.366  000.366: require('null-ls.helpers.diagnostics')
9203.912  000.366  000.366: require('null-ls.helpers.formatter_factory')
9204.593  000.313  000.313: require('null-ls.logger')
9204.975  000.369  000.369: require('null-ls.state')
9204.989  001.064  000.383: require('null-ls.helpers.generator_factory')
9205.664  000.341  000.341: require('null-ls.helpers.command_resolver')
9205.685  000.688  000.347: require('null-ls.helpers.make_builtin')
9206.137  000.441  000.441: require('null-ls.helpers.range_formatting_args_factory')
9206.152  004.126  000.480: require('null-ls.helpers')
9207.447  000.395  000.395: require('null-ls.methods')
9207.467  000.837  000.442: require('null-ls.diagnostics')
9207.485  001.326  000.488: require('null-ls.sources')
9207.890  000.397  000.397: require('null-ls.builtins')
9207.904  010.758  003.358: require('null-ls')
9208.663  000.750  000.750: require('null-ls.builtins.formatting.prettier')
9216.592  000.888  000.888: require('plenary.log')
9218.986  000.966  000.966: require('null-ls.builtins.formatting.stylua')
9220.504  000.563  000.563: require('null-ls.loop')
9222.211  000.921  000.921: require('vim.lsp.log')
9223.481  001.252  001.252: require('vim.lsp.protocol')
9225.415  001.031  001.031: require('vim.lsp._snippet_grammar')
9225.854  000.421  000.421: require('vim.highlight')
9225.918  002.393  000.942: require('vim.lsp.util')
9226.859  000.461  000.461: require('vim.lsp.sync')
9226.886  000.952  000.491: require('vim.lsp._changetracking')
9227.535  000.610  000.610: require('vim.lsp.rpc')
9227.694  007.172  001.044: require('vim.lsp')
9227.715  008.343  000.608: require('null-ls.client')
9233.778  000.667  000.667: require('lib.log')
9235.116  001.317  001.317: require('deps.msgpack')
9236.513  001.382  001.382: require('deps.serpent')
9237.162  000.634  000.634: require('presence.file_explorers')
9239.417  002.241  002.241: require('presence.file_assets')
9239.794  000.363  000.363: require('presence.plugin_managers')
9240.525  000.373  000.373: require('deps.struct')
9240.542  000.735  000.362: require('presence.discord')
9240.559  011.906  004.567: require('presence')
9241.593  000.080  000.080: sourcing C:\Users\XENOS\AppData\Local\nvim-data\lazy\presence.nvim\autoload\presence.vim
9272.886  044.334  032.349: sourcing C:/Users/XENOS/AppData/Local/nvim-data/lazy/presence.nvim/plugin/presence.vim
9320.238  000.558  000.558: sourcing C:\Program Files\Neovim\share/nvim/runtime/plugin/editorconfig.lua
9321.792  000.733  000.733: sourcing C:\Program Files\Neovim\share/nvim/runtime/plugin/gzip.vim
9323.259  000.686  000.686: sourcing C:\Program Files\Neovim\share/nvim/runtime/plugin/man.lua
9332.158  000.928  000.928: sourcing C:\Program Files\Neovim\share\nvim\runtime\pack\dist\opt\matchit\plugin\matchit.vim
9332.364  008.344  007.416: sourcing C:\Program Files\Neovim\share/nvim/runtime/plugin/matchit.vim
9333.819  000.605  000.605: sourcing C:\Program Files\Neovim\share/nvim/runtime/plugin/matchparen.vim
9336.244  001.454  001.454: sourcing C:\Program Files\Neovim\share/nvim/runtime/plugin/netrwPlugin.vim
9337.829  000.557  000.557: sourcing C:\Program Files\Neovim\share/nvim/runtime/plugin/osc52.lua
9340.270  001.603  001.603: sourcing C:\Program Files\Neovim\share/nvim/runtime/plugin/rplugin.vim
9341.423  000.281  000.281: sourcing C:\Program Files\Neovim\share/nvim/runtime/plugin/shada.vim
9342.336  000.127  000.127: sourcing C:\Program Files\Neovim\share/nvim/runtime/plugin/spellfile.vim
9343.345  000.337  000.337: sourcing C:\Program Files\Neovim\share/nvim/runtime/plugin/tarPlugin.vim
9344.542  000.434  000.434: sourcing C:\Program Files\Neovim\share/nvim/runtime/plugin/tohtml.lua
9345.560  000.129  000.129: sourcing C:\Program Files\Neovim\share/nvim/runtime/plugin/tutor.vim
9347.152  000.700  000.700: sourcing C:\Program Files\Neovim\share/nvim/runtime/plugin/zipPlugin.vim
9347.709  9276.722  8893.656: sourcing C:\Users\XENOS\AppData\Local\nvim\init.lua
9347.882  003.979: sourcing vimrc file(s)
9355.777  000.616  000.616: sourcing C:\Program Files\Neovim\share\nvim\runtime\filetype.lua
9360.364  000.332  000.332: sourcing C:\Program Files\Neovim\share\nvim\runtime\syntax\synload.vim
9363.489  005.258  004.927: sourcing C:\Program Files\Neovim\share/nvim/runtime/syntax/syntax.vim
9363.558  009.803: inits 3
9367.581  004.023: reading ShaDa
9368.246  000.664: opening buffers
9369.005  000.651  000.651: require('bufferline.state')
9370.002  001.105: BufEnter autocommands
9370.018  000.016: editing files in windows
9433.608  063.590: VimEnter autocommands
9433.819  000.212: UIEnter autocommands
9436.472  002.653: before starting main loop
9438.388  001.916: first screen update
9438.405  000.017: --- NVIM STARTED ---

--- Startup times for process: Primary/TUI ---

times in msec
 clock   self+sourced   self:  sourced script
 clock   elapsed:              other lines

000.011  000.011: --- NVIM STARTING ---
000.219  000.207: event init
000.660  000.442: early init
039.243  038.583: locale set
039.403  000.160: init first window
041.104  001.701: inits 1
041.334  000.230: window checked
041.355  000.021: parsing arguments
044.368  000.748  000.748: require('vim.shared')
045.659  000.418  000.418: require('vim.inspect')
046.403  000.713  000.713: require('vim._options')
046.413  002.027  000.896: require('vim._editor')
046.419  003.040  000.265: require('vim._init_packages')
046.456  002.061: init lua interpreter
061.250  014.794: --- NVIM STARTED ---

--- Startup times for process: Embedded ---

times in msec
 clock   self+sourced   self:  sourced script
 clock   elapsed:              other lines

000.013  000.013: --- NVIM STARTING ---
000.143  000.129: event init
000.444  000.301: early init
043.755  043.311: locale set
043.922  000.167: init first window
045.389  001.466: inits 1
045.658  000.270: window checked
045.721  000.063: parsing arguments
049.037  000.752  000.752: require('vim.shared')
050.467  000.493  000.493: require('vim.inspect')
051.324  000.816  000.816: require('vim._options')
051.339  002.282  000.974: require('vim._editor')
051.347  003.340  000.306: require('vim._init_packages')
051.399  002.339: init lua interpreter
052.062  000.663: expanding arguments
052.140  000.078: inits 2
052.879  000.739: init highlight
052.885  000.006: waiting for UI
053.215  000.330: done waiting for UI
053.230  000.015: clear screen
053.931  000.087  000.087: require('vim.keymap')
068.594  015.356  015.268: require('vim._defaults')
068.615  000.029: init default mappings & autocommands
071.383  000.216  000.216: sourcing C:\Program Files\Neovim\share\nvim\runtime\ftplugin.vim
072.066  000.102  000.102: sourcing C:\Program Files\Neovim\share\nvim\runtime\indent.vim
073.946  000.925  000.925: require('config.options')
074.487  000.528  000.528: require('config.keymaps')
077.353  002.585  002.585: require('lazy')
077.472  000.059  000.059: require('ffi')
078.815  000.590  000.590: require('vim.fs')
079.627  000.704  000.704: require('vim.uri')
079.672  002.188  000.894: require('vim.loader')
080.944  000.966  000.966: require('lazy.stats')
082.024  000.659  000.659: require('lazy.core.util')
082.798  000.755  000.755: require('lazy.core.config')
083.809  000.431  000.431: require('lazy.core.handler')
085.209  000.541  000.541: require('lazy.pkg')
085.227  000.976  000.435: require('lazy.core.meta')
085.242  001.419  000.444: require('lazy.core.plugin')
085.256  002.445  000.595: require('lazy.core.loader')
086.499  000.429  000.429: require('lazy.core.fragments')
093.180  000.434  000.434: require('lazy.core.handler.event')
093.196  000.859  000.424: require('lazy.core.handler.ft')
093.787  000.576  000.576: require('lazy.core.handler.keys')
094.240  000.432  000.432: require('lazy.core.handler.cmd')
098.066  002.466  002.466: sourcing C:\Program Files\Neovim\share/nvim/runtime/filetype.lua
111.042  000.491  000.491: require('rose-pine.config')
111.060  002.454  001.962: require('rose-pine')
111.672  000.395  000.395: require('rose-pine.utilities')
112.116  000.429  000.429: require('rose-pine.palette')
115.024  006.801  003.525: sourcing C:\Users\XENOS\AppData\Local\nvim-data\lazy\rose-pine\colors\rose-pine.lua
117.875  000.118  000.118: sourcing C:/Users/XENOS/AppData/Local/nvim-data/lazy/nvim-web-devicons/plugin/nvim-web-devicons.vim
121.406  000.413  000.413: require('bufferline.lazy')
121.927  000.490  000.490: require('bufferline.commands')
122.936  000.992  000.992: require('bufferline.config')
122.994  004.853  002.958: require('bufferline')
124.740  000.514  000.514: require('bufferline.utils')
124.787  001.253  000.739: require('bufferline.groups')
125.284  000.443  000.443: require('bufferline.constants')
125.652  000.352  000.352: require('bufferline.colors')
126.916  000.504  000.504: require('bufferline.highlights')
127.251  000.058  000.058: require('vim.F')
129.092  000.371  000.371: require('vim.version')
131.958  003.618  003.246: require('bufferline.hover')
132.736  000.644  000.644: require('bufferline.ui')
133.589  000.815  000.815: require('vim.diagnostic')
136.427  000.124  000.124: sourcing C:/Users/XENOS/AppData/Local/nvim-data/lazy/plenary.nvim/plugin/plenary.vim
139.695  000.095  000.095: sourcing C:/Users/XENOS/AppData/Local/nvim-data/lazy/neo-tree.nvim/plugin/neo-tree.vim
144.645  000.722  000.722: require('neo-tree.log')
145.134  000.474  000.474: require('neo-tree.utils.filesize.filesize')
145.201  001.886  000.689: require('neo-tree.utils')
145.216  005.379  003.494: require('neo-tree')
146.807  000.959  000.959: require('neo-tree.defaults')
147.306  000.485  000.485: require('neo-tree.setup.mapping-helper')
148.767  000.452  000.452: require('neo-tree.collections')
148.791  000.913  000.460: require('neo-tree.events.queue')
148.803  001.483  000.570: require('neo-tree.events')
150.814  000.667  000.667: require('plenary.bit')
151.331  000.502  000.502: require('plenary.functional')
151.387  001.905  000.737: require('plenary.path')
151.902  000.506  000.506: require('neo-tree.sources.filesystem.lib.globtopattern')
151.927  003.117  000.705: require('neo-tree.sources.common.file-nesting')
152.593  000.658  000.658: require('neo-tree.ui.highlights')
155.677  000.405  000.405: require('nui.object')
158.590  002.508  002.508: require('nui.utils')
158.618  002.927  000.419: require('nui.text')
158.634  003.785  000.454: require('nui.line')
160.920  000.595  000.595: require('nui.tree.util')
161.130  002.490  001.895: require('nui.tree')
162.400  000.540  000.540: require('nui.utils.buf_storage')
162.863  000.446  000.446: require('nui.utils.autocmd')
163.264  000.388  000.388: require('nui.utils.keymap')
164.108  000.432  000.432: require('nui.layout.utils')
164.124  000.848  000.415: require('nui.split.utils')
164.212  003.018  000.797: require('nui.split')
165.183  000.521  000.521: require('nui.popup.border')
165.212  000.992  000.470: require('nui.popup')
165.708  000.487  000.487: require('neo-tree.ui.popups')
166.178  000.455  000.455: require('neo-tree.ui.windows')
166.225  011.833  000.605: require('neo-tree.ui.renderer')
167.656  000.375  000.375: require('plenary.compat')
167.684  000.998  000.623: require('plenary.job')
167.698  001.464  000.466: require('neo-tree.sources.filesystem.lib.filter_external')
168.209  000.503  000.503: require('neo-tree.sources.common.file-items')
170.188  000.515  000.515: require('neo-tree.git.utils')
170.204  001.049  000.534: require('neo-tree.git.status')
170.614  000.403  000.403: require('neo-tree.git.ignored')
170.628  001.891  000.439: require('neo-tree.git')
170.642  002.418  000.527: require('neo-tree.sources.filesystem.lib.fs_watch')
172.581  000.336  000.336: require('plenary.tbl')
172.607  000.702  000.366: require('plenary.vararg.rotate')
172.622  001.124  000.422: require('plenary.vararg')
173.065  000.431  000.431: require('plenary.errors')
173.082  002.026  000.471: require('plenary.async.async')
174.758  000.598  000.598: require('plenary.async.structs')
174.784  000.980  000.381: require('plenary.async.control')
174.798  001.343  000.363: require('plenary.async.util')
174.809  001.719  000.376: require('plenary.async.tests')
174.816  004.166  000.421: require('plenary.async')
174.839  021.302  000.918: require('neo-tree.sources.filesystem.lib.fs_scan')
175.740  000.507  000.507: require('nui.input')
175.756  000.909  000.402: require('neo-tree.ui.inputs')
175.795  023.189  000.979: require('neo-tree.sources.manager')
177.203  000.448  000.448: require('neo-tree.command.parser')
177.655  000.438  000.438: require('neo-tree.command.completion')
177.673  001.435  000.549: require('neo-tree.command')
177.683  001.879  000.444: require('neo-tree.setup.netrw')
178.127  000.437  000.437: require('neo-tree.sources.common.hijack_cursor')
178.164  032.941  000.733: require('neo-tree.setup')
179.506  000.486  000.486: require('neo-tree.setup.deprecations')
184.286  000.675  000.675: require('neo-tree.sources.filesystem')
185.381  000.504  000.504: require('neo-tree.sources.buffers.lib.items')
185.406  001.083  000.579: require('neo-tree.sources.buffers')
186.403  000.436  000.436: require('neo-tree.sources.git_status.lib.items')
186.422  000.995  000.558: require('neo-tree.sources.git_status')
188.099  000.525  000.525: require('neo-tree.sources.common.container')
188.123  001.074  000.549: require('neo-tree.sources.common.components')
188.379  001.814  000.740: require('neo-tree.sources.buffers.components')
193.601  002.798  002.798: require('plenary.scandir')
194.047  000.428  000.428: require('plenary')
194.072  004.552  001.326: require('neo-tree.sources.filesystem.lib.fs_actions')
194.517  000.435  000.435: require('neo-tree.sources.common.help')
222.486  001.002  001.002: require('neo-tree.sources.common.preview')
223.097  000.587  000.587: require('neo-tree.sources.common.node_expander')
223.151  034.258  027.682: require('neo-tree.sources.common.commands')
223.291  034.897  000.639: require('neo-tree.sources.buffers.commands')
224.108  000.432  000.432: require('neo-tree.sources.git_status.components')
224.512  000.389  000.389: require('neo-tree.sources.git_status.commands')
225.376  000.469  000.469: require('neo-tree.sources.filesystem.components')
226.201  000.413  000.413: require('neo-tree.sources.filesystem.lib.filter')
226.241  000.848  000.435: require('neo-tree.sources.filesystem.commands')
233.759  000.644  000.644: require('lualine_require')
235.737  006.641  005.997: require('lualine')
250.704  000.520  000.520: require('lualine.utils.mode')
269.665  000.422  000.422: require('lib.log')
270.123  000.440  000.440: require('deps.msgpack')
270.648  000.511  000.511: require('deps.serpent')
271.009  000.347  000.347: require('presence.file_explorers')
271.586  000.563  000.563: require('presence.file_assets')
271.977  000.378  000.378: require('presence.plugin_managers')
272.925  000.444  000.444: require('deps.struct')
272.946  000.956  000.512: require('presence.discord')
272.967  007.594  003.977: require('presence')
274.112  000.085  000.085: sourcing C:\Users\XENOS\AppData\Local\nvim-data\lazy\presence.nvim\autoload\presence.vim
297.982  032.705  025.026: sourcing C:/Users/XENOS/AppData/Local/nvim-data/lazy/presence.nvim/plugin/presence.vim
350.033  000.763  000.763: require('null-ls.utils.tbl_flatten')
350.198  001.697  000.933: require('null-ls.utils')
350.404  002.569  000.872: require('null-ls.config')
351.661  000.593  000.593: require('null-ls.helpers.cache')
352.248  000.562  000.562: require('null-ls.helpers.check_exit_code')
353.001  000.730  000.730: require('null-ls.helpers.diagnostics')
353.578  000.555  000.555: require('null-ls.helpers.formatter_factory')
354.638  000.454  000.454: require('null-ls.logger')
355.171  000.509  000.509: require('null-ls.state')
355.187  001.588  000.625: require('null-ls.helpers.generator_factory')
356.277  000.610  000.610: require('null-ls.helpers.command_resolver')
356.292  001.095  000.485: require('null-ls.helpers.make_builtin')
356.817  000.516  000.516: require('null-ls.helpers.range_formatting_args_factory')
356.833  006.413  000.773: require('null-ls.helpers')
358.412  000.456  000.456: require('null-ls.methods')
358.437  001.093  000.637: require('null-ls.diagnostics')
358.464  001.622  000.529: require('null-ls.sources')
358.934  000.461  000.461: require('null-ls.builtins')
358.952  016.531  005.466: require('null-ls')
359.850  000.888  000.888: require('null-ls.builtins.formatting.prettier')
368.834  000.995  000.995: require('plenary.log')
371.873  000.953  000.953: require('null-ls.builtins.formatting.stylua')
374.412  000.820  000.820: require('null-ls.loop')
376.573  001.103  001.103: require('vim.lsp.log')
379.007  002.405  002.405: require('vim.lsp.protocol')
381.376  001.175  001.175: require('vim.lsp._snippet_grammar')
381.927  000.523  000.523: require('vim.highlight')
382.026  002.980  001.282: require('vim.lsp.util')
383.609  000.988  000.988: require('vim.lsp.sync')
383.677  001.635  000.647: require('vim.lsp._changetracking')
385.237  001.547  001.547: require('vim.lsp.rpc')
385.829  011.385  001.715: require('vim.lsp')
385.907  013.108  000.903: require('null-ls.client')
388.961  000.953  000.953: sourcing C:\Program Files\Neovim\share/nvim/runtime/plugin/editorconfig.lua
390.104  000.488  000.488: sourcing C:\Program Files\Neovim\share/nvim/runtime/plugin/gzip.vim
391.489  000.862  000.862: sourcing C:\Program Files\Neovim\share/nvim/runtime/plugin/man.lua
399.451  000.809  000.809: sourcing C:\Program Files\Neovim\share\nvim\runtime\pack\dist\opt\matchit\plugin\matchit.vim
399.593  007.585  006.776: sourcing C:\Program Files\Neovim\share/nvim/runtime/plugin/matchit.vim
400.767  000.456  000.456: sourcing C:\Program Files\Neovim\share/nvim/runtime/plugin/matchparen.vim
402.312  000.978  000.978: sourcing C:\Program Files\Neovim\share/nvim/runtime/plugin/netrwPlugin.vim
403.849  000.827  000.827: sourcing C:\Program Files\Neovim\share/nvim/runtime/plugin/osc52.lua
405.573  001.059  001.059: sourcing C:\Program Files\Neovim\share/nvim/runtime/plugin/rplugin.vim
406.429  000.247  000.247: sourcing C:\Program Files\Neovim\share/nvim/runtime/plugin/shada.vim
407.055  000.090  000.090: sourcing C:\Program Files\Neovim\share/nvim/runtime/plugin/spellfile.vim
408.050  000.280  000.280: sourcing C:\Program Files\Neovim\share/nvim/runtime/plugin/tarPlugin.vim
409.582  000.930  000.930: sourcing C:\Program Files\Neovim\share/nvim/runtime/plugin/tohtml.lua
410.585  000.146  000.146: sourcing C:\Program Files\Neovim\share/nvim/runtime/plugin/tutor.vim
412.058  000.634  000.634: sourcing C:\Program Files\Neovim\share/nvim/runtime/plugin/zipPlugin.vim
413.045  340.238  136.406: sourcing C:\Users\XENOS\AppData\Local\nvim\init.lua
413.216  004.044: sourcing vimrc file(s)
419.262  000.733  000.733: sourcing C:\Program Files\Neovim\share\nvim\runtime\filetype.lua
422.328  000.242  000.242: sourcing C:\Program Files\Neovim\share\nvim\runtime\syntax\synload.vim
422.805  002.147  001.905: sourcing C:\Program Files\Neovim\share/nvim/runtime/syntax/syntax.vim
422.888  006.792: inits 3
427.434  004.547: reading ShaDa
428.371  000.937: opening buffers
429.184  000.693  000.693: require('bufferline.state')
429.960  000.896: BufEnter autocommands
429.990  000.030: editing files in windows
430.423  000.433: VimEnter autocommands
430.536  000.113: UIEnter autocommands
432.916  002.380: before starting main loop
433.732  000.816: first screen update
433.746  000.014: --- NVIM STARTED ---

